2025-07-08 08:04:14,628 - INFO - Running IsoQuant version 3.7.0
2025-07-08 08:04:14,629 - INFO - Loading parameters of the previous run, all arguments will be ignored
2025-07-08 08:04:15,430 - INFO -  === IsoQuant pipeline started === 
2025-07-08 08:04:15,431 - INFO - Python version: 3.12.11 | packaged by conda-forge | (main, Jun  4 2025, 14:45:31) [GCC 13.3.0]
2025-07-08 08:04:15,431 - INFO - gffutils version: 0.13
2025-07-08 08:04:15,431 - INFO - pysam version: 0.23.1
2025-07-08 08:04:15,431 - INFO - pyfaidx version: 0.8.1.4
2025-07-08 08:04:15,431 - INFO - Reading reference genome from /restricted/projectnb/ubah/rbozadjian/beffert_ho_lab_pacbio_ad_pilot/isoseq_pipeline/work/f2/31cd519f28f426a0d88d05a449364d/Homo_sapiens.GRCh38.dna.primary_assembly.fa.gz
2025-07-08 08:04:15,433 - INFO - Gene annotation file found. Using /restricted/projectnb/ubah/rbozadjian/beffert_ho_lab_pacbio_ad_pilot/isoseq_pipeline/results/gencode.v48.annotation_nochr.db
2025-07-08 08:04:15,433 - INFO - Loading gene database from /restricted/projectnb/ubah/rbozadjian/beffert_ho_lab_pacbio_ad_pilot/isoseq_pipeline/results/gencode.v48.annotation_nochr.db
2025-07-08 08:04:15,504 - INFO - Loading reference genome from /restricted/projectnb/ubah/rbozadjian/beffert_ho_lab_pacbio_ad_pilot/isoseq_pipeline/results/Homo_sapiens.GRCh38.dna.primary_assembly.fa
2025-07-08 08:04:15,522 - INFO - Processing 1 experiment
2025-07-08 08:04:15,522 - INFO - Processing experiment isoquant
2025-07-08 08:04:15,522 - INFO - Experiment has 8 BAM files: /restricted/projectnb/ubah/rbozadjian/beffert_ho_lab_pacbio_ad_pilot/isoseq_pipeline/work/f2/31cd519f28f426a0d88d05a449364d/bc02.aligned.bam, /restricted/projectnb/ubah/rbozadjian/beffert_ho_lab_pacbio_ad_pilot/isoseq_pipeline/work/f2/31cd519f28f426a0d88d05a449364d/bc12.aligned.bam, /restricted/projectnb/ubah/rbozadjian/beffert_ho_lab_pacbio_ad_pilot/isoseq_pipeline/work/f2/31cd519f28f426a0d88d05a449364d/bc10.aligned.bam, /restricted/projectnb/ubah/rbozadjian/beffert_ho_lab_pacbio_ad_pilot/isoseq_pipeline/work/f2/31cd519f28f426a0d88d05a449364d/bc11.aligned.bam, /restricted/projectnb/ubah/rbozadjian/beffert_ho_lab_pacbio_ad_pilot/isoseq_pipeline/work/f2/31cd519f28f426a0d88d05a449364d/bc03.aligned.bam, /restricted/projectnb/ubah/rbozadjian/beffert_ho_lab_pacbio_ad_pilot/isoseq_pipeline/work/f2/31cd519f28f426a0d88d05a449364d/bc01.aligned.bam, /restricted/projectnb/ubah/rbozadjian/beffert_ho_lab_pacbio_ad_pilot/isoseq_pipeline/work/f2/31cd519f28f426a0d88d05a449364d/bc04.aligned.bam, /restricted/projectnb/ubah/rbozadjian/beffert_ho_lab_pacbio_ad_pilot/isoseq_pipeline/work/f2/31cd519f28f426a0d88d05a449364d/bc09.aligned.bam
2025-07-08 08:04:15,524 - INFO - Read group table was split during the previous run, existing files will be used
2025-07-08 08:04:15,524 - INFO - Collecting read alignments
2025-07-08 08:04:15,525 - INFO - Collected reads detected, will not process
2025-07-08 08:04:15,525 - INFO - Read assignments files saved to /restricted/projectnb/ubah/rbozadjian/beffert_ho_lab_pacbio_ad_pilot/isoseq_pipeline/results/isoquant/aux/isoquant.save*. 
2025-07-08 08:04:15,525 - INFO - To keep these intermediate files for debug purposes use --keep_tmp flag
2025-07-08 08:04:15,526 - INFO - Total assignments used for analysis: 144994702, polyA tail detected in 143221937 (98.8%)
2025-07-08 08:04:15,527 - INFO - Processing assigned reads isoquant
2025-07-08 08:04:15,527 - INFO - Transcript models construction is turned on
2025-07-08 08:04:15,540 - INFO - Transcript construction options:
2025-07-08 08:04:15,540 - INFO -   Novel monoexonic transcripts will be reported: yes
2025-07-08 08:04:15,540 - INFO -   PolyA tails are required for multi-exon transcripts to be reported: yes
2025-07-08 08:04:15,540 - INFO -   PolyA tails are required for 2-exon transcripts to be reported: yes
2025-07-08 08:04:15,540 - INFO -   PolyA tails are required for known monoexon transcripts to be reported: yes
2025-07-08 08:04:15,540 - INFO -   PolyA tails are required for novel monoexon transcripts to be reported: yes
2025-07-08 08:04:15,540 - INFO -   Splice site reporting level: only_stranded
2025-07-08 08:04:15,635 - INFO - Processing chromosome 1
2025-07-08 08:04:15,636 - INFO - Processing chromosome 4
2025-07-08 08:04:15,636 - INFO - Processing chromosome 2
2025-07-08 08:04:15,636 - INFO - Processing chromosome 3
2025-07-08 08:04:15,637 - INFO - Processing chromosome 5
2025-07-08 08:04:15,637 - INFO - Processing chromosome 6
2025-07-08 08:04:15,637 - INFO - Processing chromosome X
2025-07-08 08:04:15,637 - INFO - Processing chromosome 7
2025-07-08 08:04:15,638 - INFO - Processing chromosome 8
2025-07-08 08:04:15,640 - INFO - Processing chromosome 9
2025-07-08 08:04:15,640 - INFO - Processing chromosome 10
2025-07-08 08:04:15,641 - INFO - Processing chromosome 11
2025-07-08 08:04:15,641 - INFO - Processing chromosome 12
2025-07-08 08:04:15,642 - INFO - Processing chromosome 16
2025-07-08 08:04:15,642 - INFO - Processing chromosome 13
2025-07-08 08:04:15,642 - INFO - Processing chromosome 14
2025-07-08 08:04:15,642 - INFO - Processing chromosome 15
2025-07-08 08:04:15,643 - INFO - Processing chromosome 17
2025-07-08 08:04:15,643 - INFO - Processing chromosome Y
2025-07-08 08:04:15,643 - INFO - Processing chromosome 18
2025-07-08 08:04:15,643 - INFO - Processing chromosome 20
2025-07-08 08:04:15,643 - INFO - Processing chromosome 19
2025-07-08 08:04:15,644 - INFO - Processing chromosome 22
2025-07-08 08:04:15,644 - INFO - Processing chromosome 21
2025-07-08 08:04:15,645 - INFO - Processing chromosome KI270442.1
2025-07-08 08:04:15,645 - INFO - Processing chromosome KI270728.1
2025-07-08 08:04:15,645 - INFO - Processing chromosome KI270727.1
2025-07-08 08:04:15,645 - INFO - Processing chromosome KI270743.1
2025-07-08 08:04:15,646 - INFO - Processing chromosome GL000008.2
2025-07-08 08:04:15,646 - INFO - Processing chromosome GL000009.2
2025-07-08 08:04:15,646 - INFO - Processing chromosome KI270729.1
2025-07-08 08:04:15,647 - INFO - Processing chromosome GL000225.1
2025-07-08 08:04:15,650 - INFO - Processed assignments from chromosome KI270442.1 detected
2025-07-08 08:04:15,657 - INFO - Processed assignments from chromosome GL000009.2 detected
2025-07-08 08:04:15,657 - INFO - Processed assignments from chromosome GL000008.2 detected
2025-07-08 08:04:15,658 - INFO - Processed assignments from chromosome KI270743.1 detected
2025-07-08 08:04:15,658 - INFO - Processed assignments from chromosome KI270727.1 detected
2025-07-08 08:04:15,659 - INFO - Processed assignments from chromosome KI270728.1 detected
2025-07-08 08:04:15,660 - INFO - Processed assignments from chromosome KI270729.1 detected
2025-07-08 08:04:15,661 - INFO - Processed assignments from chromosome GL000225.1 detected
2025-07-08 08:04:15,664 - INFO - Processing chromosome KI270747.1
2025-07-08 08:04:15,675 - INFO - Processing chromosome KI270722.1
2025-07-08 08:04:15,676 - INFO - Processing chromosome GL000194.1
2025-07-08 08:04:15,679 - INFO - Processing chromosome KI270742.1
2025-07-08 08:04:15,680 - INFO - Processed assignments from chromosome Y detected
2025-07-08 08:04:15,681 - INFO - Processing chromosome GL000205.2
2025-07-08 08:04:15,682 - INFO - Processing chromosome GL000195.1
2025-07-08 08:04:15,694 - INFO - Processing chromosome KI270736.1
2025-07-08 08:04:15,697 - INFO - Processing chromosome KI270733.1
2025-07-08 08:04:15,697 - INFO - Processed assignments from chromosome KI270747.1 detected
2025-07-08 08:04:15,699 - INFO - Processed assignments from chromosome GL000194.1 detected
2025-07-08 08:04:15,699 - INFO - Processed assignments from chromosome KI270722.1 detected
2025-07-08 08:04:15,700 - INFO - Processed assignments from chromosome KI270736.1 detected
2025-07-08 08:04:15,700 - INFO - Processed assignments from chromosome KI270742.1 detected
2025-07-08 08:04:15,701 - INFO - Processed assignments from chromosome GL000205.2 detected
2025-07-08 08:04:15,701 - INFO - Processed assignments from chromosome GL000195.1 detected
2025-07-08 08:04:15,702 - INFO - Processing chromosome GL000224.1
2025-07-08 08:04:15,702 - INFO - Processing chromosome GL000219.1
2025-07-08 08:04:15,703 - INFO - Processing chromosome KI270719.1
2025-07-08 08:04:15,704 - INFO - Processing chromosome KI270712.1
2025-07-08 08:04:15,705 - INFO - Processing chromosome GL000216.2
2025-07-08 08:04:15,705 - INFO - Processing chromosome KI270706.1
2025-07-08 08:04:15,705 - INFO - Processed assignments from chromosome KI270719.1 detected
2025-07-08 08:04:15,706 - INFO - Processing chromosome KI270725.1
2025-07-08 08:04:15,706 - INFO - Processing chromosome KI270744.1
2025-07-08 08:04:15,706 - INFO - Processed assignments from chromosome GL000224.1 detected
2025-07-08 08:04:15,707 - INFO - Processed assignments from chromosome KI270712.1 detected
2025-07-08 08:04:15,707 - INFO - Processing chromosome KI270734.1
2025-07-08 08:04:15,708 - INFO - Processed assignments from chromosome KI270706.1 detected
2025-07-08 08:04:15,709 - INFO - Processing chromosome GL000213.1
2025-07-08 08:04:15,709 - INFO - Processing chromosome GL000220.1
2025-07-08 08:04:15,709 - INFO - Processed assignments from chromosome KI270744.1 detected
2025-07-08 08:04:15,710 - INFO - Processed assignments from chromosome KI270725.1 detected
2025-07-08 08:04:15,710 - INFO - Processing chromosome KI270715.1
2025-07-08 08:04:15,711 - INFO - Processed assignments from chromosome KI270734.1 detected
2025-07-08 08:04:15,712 - INFO - Processing chromosome GL000218.1
2025-07-08 08:04:15,712 - INFO - Processed assignments from chromosome GL000213.1 detected
2025-07-08 08:04:15,712 - INFO - Processed assignments from chromosome GL000216.2 detected
2025-07-08 08:04:15,712 - INFO - Processing chromosome KI270749.1
2025-07-08 08:04:15,713 - INFO - Processed assignments from chromosome KI270715.1 detected
2025-07-08 08:04:15,713 - INFO - Processing chromosome KI270741.1
2025-07-08 08:04:15,714 - INFO - Processed assignments from chromosome GL000218.1 detected
2025-07-08 08:04:15,714 - INFO - Processing chromosome KI270716.1
2025-07-08 08:04:15,714 - INFO - Processing chromosome GL000221.1
2025-07-08 08:04:15,715 - INFO - Processing chromosome KI270731.1
2025-07-08 08:04:15,715 - INFO - Processing chromosome KI270751.1
2025-07-08 08:04:15,716 - INFO - Processed assignments from chromosome KI270749.1 detected
2025-07-08 08:04:15,716 - INFO - Processed assignments from chromosome KI270741.1 detected
2025-07-08 08:04:15,717 - INFO - Processed assignments from chromosome KI270733.1 detected
2025-07-08 08:04:15,718 - INFO - Processed assignments from chromosome KI270731.1 detected
2025-07-08 08:04:15,718 - INFO - Processed assignments from chromosome GL000221.1 detected
2025-07-08 08:04:15,719 - INFO - Processed assignments from chromosome KI270751.1 detected
2025-07-08 08:04:15,719 - INFO - Processing chromosome KI270750.1
2025-07-08 08:04:15,720 - INFO - Processing chromosome KI270519.1
2025-07-08 08:04:15,720 - INFO - Processed assignments from chromosome KI270716.1 detected
2025-07-08 08:04:15,721 - INFO - Processing chromosome GL000214.1
2025-07-08 08:04:15,721 - INFO - Processing chromosome KI270708.1
2025-07-08 08:04:15,721 - INFO - Processing chromosome KI270730.1
2025-07-08 08:04:15,722 - INFO - Processing chromosome KI270438.1
2025-07-08 08:04:15,722 - INFO - Processed assignments from chromosome KI270750.1 detected
2025-07-08 08:04:15,723 - INFO - Processing chromosome KI270737.1
2025-07-08 08:04:15,723 - INFO - Processed assignments from chromosome KI270519.1 detected
2025-07-08 08:04:15,724 - INFO - Processed assignments from chromosome GL000214.1 detected
2025-07-08 08:04:15,724 - INFO - Processed assignments from chromosome KI270708.1 detected
2025-07-08 08:04:15,725 - INFO - Processed assignments from chromosome KI270438.1 detected
2025-07-08 08:04:15,725 - INFO - Processing chromosome KI270721.1
2025-07-08 08:04:15,726 - INFO - Processed assignments from chromosome GL000219.1 detected
2025-07-08 08:04:15,727 - INFO - Processed assignments from chromosome KI270730.1 detected
2025-07-08 08:04:15,727 - INFO - Processing chromosome KI270738.1
2025-07-08 08:04:15,727 - INFO - Processed assignments from chromosome KI270737.1 detected
2025-07-08 08:04:15,728 - INFO - Processed assignments from chromosome GL000220.1 detected
2025-07-08 08:04:15,728 - INFO - Processing chromosome KI270748.1
2025-07-08 08:04:15,728 - INFO - Processing chromosome KI270435.1
2025-07-08 08:04:15,730 - INFO - Processing chromosome GL000208.1
2025-07-08 08:04:15,730 - INFO - Processing chromosome KI270538.1
2025-07-08 08:04:15,731 - INFO - Processed assignments from chromosome KI270721.1 detected
2025-07-08 08:04:15,731 - INFO - Processing chromosome KI270756.1
2025-07-08 08:04:15,731 - INFO - Processed assignments from chromosome KI270748.1 detected
2025-07-08 08:04:15,731 - INFO - Processed assignments from chromosome KI270738.1 detected
2025-07-08 08:04:15,731 - INFO - Processing chromosome KI270739.1
2025-07-08 08:04:15,732 - INFO - Processing chromosome KI270757.1
2025-07-08 08:04:15,733 - INFO - Processed assignments from chromosome KI270538.1 detected
2025-07-08 08:04:15,733 - INFO - Processed assignments from chromosome KI270435.1 detected
2025-07-08 08:04:15,733 - INFO - Processed assignments from chromosome GL000208.1 detected
2025-07-08 08:04:15,734 - INFO - Processing chromosome KI270709.1
2025-07-08 08:04:15,735 - INFO - Processing chromosome KI270746.1
2025-07-08 08:04:15,735 - INFO - Processing chromosome KI270753.1
2025-07-08 08:04:15,735 - INFO - Processed assignments from chromosome KI270756.1 detected
2025-07-08 08:04:15,736 - INFO - Processed assignments from chromosome KI270757.1 detected
2025-07-08 08:04:15,738 - INFO - Processed assignments from chromosome KI270739.1 detected
2025-07-08 08:04:15,740 - INFO - Processing chromosome KI270589.1
2025-07-08 08:04:15,740 - INFO - Processing chromosome KI270726.1
2025-07-08 08:04:15,740 - INFO - Processing chromosome KI270735.1
2025-07-08 08:04:15,740 - INFO - Processed assignments from chromosome KI270709.1 detected
2025-07-08 08:04:15,740 - INFO - Processed assignments from chromosome KI270746.1 detected
2025-07-08 08:04:15,740 - INFO - Processed assignments from chromosome KI270753.1 detected
2025-07-08 08:04:15,742 - INFO - Processing chromosome KI270745.1
2025-07-08 08:04:15,742 - INFO - Processing chromosome KI270711.1
2025-07-08 08:04:15,743 - INFO - Processed assignments from chromosome KI270735.1 detected
2025-07-08 08:04:15,743 - INFO - Processing chromosome KI270714.1
2025-07-08 08:04:15,744 - INFO - Processed assignments from chromosome KI270726.1 detected
2025-07-08 08:04:15,744 - INFO - Processed assignments from chromosome KI270589.1 detected
2025-07-08 08:04:15,746 - INFO - Processing chromosome KI270732.1
2025-07-08 08:04:15,746 - INFO - Processing chromosome KI270713.1
2025-07-08 08:04:15,746 - INFO - Processing chromosome KI270754.1
2025-07-08 08:04:15,749 - INFO - Processing chromosome KI270710.1
2025-07-08 08:04:15,749 - INFO - Processed assignments from chromosome KI270745.1 detected
2025-07-08 08:04:15,750 - INFO - Processing chromosome KI270717.1
2025-07-08 08:04:15,750 - INFO - Processed assignments from chromosome KI270714.1 detected
2025-07-08 08:04:15,750 - INFO - Processing chromosome KI270724.1
2025-07-08 08:04:15,750 - INFO - Processed assignments from chromosome KI270711.1 detected
2025-07-08 08:04:15,751 - INFO - Processed assignments from chromosome KI270754.1 detected
2025-07-08 08:04:15,752 - INFO - Processed assignments from chromosome KI270713.1 detected
2025-07-08 08:04:15,753 - INFO - Processing chromosome KI270720.1
2025-07-08 08:04:15,753 - INFO - Processing chromosome KI270723.1
2025-07-08 08:04:15,753 - INFO - Processed assignments from chromosome KI270710.1 detected
2025-07-08 08:04:15,753 - INFO - Processed assignments from chromosome KI270732.1 detected
2025-07-08 08:04:15,754 - INFO - Processed assignments from chromosome KI270724.1 detected
2025-07-08 08:04:15,754 - INFO - Processed assignments from chromosome KI270717.1 detected
2025-07-08 08:04:15,754 - INFO - Processing chromosome KI270718.1
2025-07-08 08:04:15,757 - INFO - Processed assignments from chromosome KI270720.1 detected
2025-07-08 08:04:15,757 - INFO - Processing chromosome KI270317.1
2025-07-08 08:04:15,757 - INFO - Processing chromosome KI270740.1
2025-07-08 08:04:15,757 - INFO - Processing chromosome KI270755.1
2025-07-08 08:04:15,757 - INFO - Processed assignments from chromosome KI270723.1 detected
2025-07-08 08:04:15,758 - INFO - Processing chromosome KI270707.1
2025-07-08 08:04:15,758 - INFO - Processing chromosome KI270579.1
2025-07-08 08:04:15,759 - INFO - Processing chromosome KI270752.1
2025-07-08 08:04:15,760 - INFO - Processed assignments from chromosome KI270718.1 detected
2025-07-08 08:04:15,760 - INFO - Processing chromosome KI270512.1
2025-07-08 08:04:15,760 - INFO - Processing chromosome KI270322.1
2025-07-08 08:04:15,760 - INFO - Processed assignments from chromosome KI270755.1 detected
2025-07-08 08:04:15,761 - INFO - Processed assignments from chromosome KI270707.1 detected
2025-07-08 08:04:15,761 - INFO - Processed assignments from chromosome KI270579.1 detected
2025-07-08 08:04:15,761 - INFO - Processed assignments from chromosome KI270317.1 detected
2025-07-08 08:04:15,762 - INFO - Processed assignments from chromosome KI270740.1 detected
2025-07-08 08:04:15,764 - INFO - Processed assignments from chromosome KI270752.1 detected
2025-07-08 08:04:15,764 - INFO - Processing chromosome GL000226.1
2025-07-08 08:04:15,764 - INFO - Processing chromosome MT
2025-07-08 08:04:15,764 - INFO - Processed assignments from chromosome KI270322.1 detected
2025-07-08 08:04:15,765 - INFO - Processing chromosome KI270311.1
2025-07-08 08:04:15,765 - INFO - Processed assignments from chromosome KI270512.1 detected
2025-07-08 08:04:15,765 - INFO - Processing chromosome KI270366.1
2025-07-08 08:04:15,765 - INFO - Processing chromosome KI270511.1
2025-07-08 08:04:15,766 - INFO - Processing chromosome KI270448.1
2025-07-08 08:04:15,767 - INFO - Processing chromosome KI270521.1
2025-07-08 08:04:15,767 - INFO - Processing chromosome KI270581.1
2025-07-08 08:04:15,767 - INFO - Processed assignments from chromosome GL000226.1 detected
2025-07-08 08:04:15,767 - INFO - Processing chromosome KI270582.1
2025-07-08 08:04:15,768 - INFO - Processed assignments from chromosome KI270366.1 detected
2025-07-08 08:04:15,769 - INFO - Processed assignments from chromosome KI270511.1 detected
2025-07-08 08:04:15,769 - INFO - Processed assignments from chromosome KI270311.1 detected
2025-07-08 08:04:15,770 - INFO - Processed assignments from chromosome KI270448.1 detected
2025-07-08 08:04:15,771 - INFO - Processed assignments from chromosome KI270581.1 detected
2025-07-08 08:04:15,771 - INFO - Processing chromosome KI270515.1
2025-07-08 08:04:15,772 - INFO - Processed assignments from chromosome KI270582.1 detected
2025-07-08 08:04:15,772 - INFO - Processing chromosome KI270588.1
2025-07-08 08:04:15,772 - INFO - Processed assignments from chromosome KI270521.1 detected
2025-07-08 08:04:15,773 - INFO - Processing chromosome KI270591.1
2025-07-08 08:04:15,774 - INFO - Processing chromosome KI270507.1
2025-07-08 08:04:15,774 - INFO - Processing chromosome KI270522.1
2025-07-08 08:04:15,774 - INFO - Processing chromosome KI270590.1
2025-07-08 08:04:15,775 - INFO - Processed assignments from chromosome KI270515.1 detected
2025-07-08 08:04:15,775 - INFO - Processing chromosome KI270584.1
2025-07-08 08:04:15,776 - INFO - Processed assignments from chromosome KI270588.1 detected
2025-07-08 08:04:15,776 - INFO - Processed assignments from chromosome KI270591.1 detected
2025-07-08 08:04:15,776 - INFO - Processing chromosome KI270320.1
2025-07-08 08:04:15,777 - INFO - Processed assignments from chromosome KI270507.1 detected
2025-07-08 08:04:15,778 - INFO - Processing chromosome KI270382.1
2025-07-08 08:04:15,778 - INFO - Processed assignments from chromosome KI270590.1 detected
2025-07-08 08:04:15,778 - INFO - Processed assignments from chromosome KI270522.1 detected
2025-07-08 08:04:15,779 - INFO - Processing chromosome KI270468.1
2025-07-08 08:04:15,779 - INFO - Processed assignments from chromosome KI270584.1 detected
2025-07-08 08:04:15,780 - INFO - Processing chromosome KI270467.1
2025-07-08 08:04:15,781 - INFO - Processing chromosome KI270362.1
2025-07-08 08:04:15,781 - INFO - Processed assignments from chromosome KI270320.1 detected
2025-07-08 08:04:15,781 - INFO - Processing chromosome KI270517.1
2025-07-08 08:04:15,782 - INFO - Processed assignments from chromosome KI270468.1 detected
2025-07-08 08:04:15,782 - INFO - Processed assignments from chromosome KI270382.1 detected
2025-07-08 08:04:15,782 - INFO - Processing chromosome KI270593.1
2025-07-08 08:04:15,783 - INFO - Processing chromosome KI270528.1
2025-07-08 08:04:15,784 - INFO - Processed assignments from chromosome KI270467.1 detected
2025-07-08 08:04:15,784 - INFO - Processed assignments from chromosome KI270362.1 detected
2025-07-08 08:04:15,785 - INFO - Processed assignments from chromosome KI270517.1 detected
2025-07-08 08:04:15,785 - INFO - Processing chromosome KI270587.1
2025-07-08 08:04:15,785 - INFO - Processing chromosome KI270364.1
2025-07-08 08:04:15,785 - INFO - Processing chromosome KI270371.1
2025-07-08 08:04:15,786 - INFO - Processed assignments from chromosome KI270593.1 detected
2025-07-08 08:04:15,786 - INFO - Processed assignments from chromosome KI270528.1 detected
2025-07-08 08:04:15,787 - INFO - Processing chromosome KI270333.1
2025-07-08 08:04:15,787 - INFO - Processing chromosome KI270374.1
2025-07-08 08:04:15,787 - INFO - Processing chromosome KI270411.1
2025-07-08 08:04:15,788 - INFO - Processed assignments from chromosome KI270371.1 detected
2025-07-08 08:04:15,789 - INFO - Processing chromosome KI270414.1
2025-07-08 08:04:15,789 - INFO - Processed assignments from chromosome KI270587.1 detected
2025-07-08 08:04:15,789 - INFO - Processing chromosome KI270510.1
2025-07-08 08:04:15,789 - INFO - Processed assignments from chromosome KI270364.1 detected
2025-07-08 08:04:15,790 - INFO - Processed assignments from chromosome KI270411.1 detected
2025-07-08 08:04:15,790 - INFO - Processed assignments from chromosome KI270333.1 detected
2025-07-08 08:04:15,791 - INFO - Processed assignments from chromosome KI270374.1 detected
2025-07-08 08:04:15,791 - INFO - Processing chromosome KI270390.1
2025-07-08 08:04:15,792 - INFO - Processing chromosome KI270375.1
2025-07-08 08:04:15,793 - INFO - Processed assignments from chromosome KI270510.1 detected
2025-07-08 08:04:15,793 - INFO - Processing chromosome KI270420.1
2025-07-08 08:04:15,793 - INFO - Processing chromosome KI270509.1
2025-07-08 08:04:15,793 - INFO - Processing chromosome KI270315.1
2025-07-08 08:04:15,794 - INFO - Processed assignments from chromosome KI270414.1 detected
2025-07-08 08:04:15,794 - INFO - Processing chromosome KI270302.1
2025-07-08 08:04:15,794 - INFO - Processed assignments from chromosome KI270390.1 detected
2025-07-08 08:04:15,794 - INFO - Processing chromosome KI270518.1
2025-07-08 08:04:15,795 - INFO - Processed assignments from chromosome KI270315.1 detected
2025-07-08 08:04:15,795 - INFO - Processed assignments from chromosome KI270375.1 detected
2025-07-08 08:04:15,796 - INFO - Processed assignments from chromosome KI270509.1 detected
2025-07-08 08:04:15,796 - INFO - Processing chromosome KI270530.1
2025-07-08 08:04:15,797 - INFO - Processed assignments from chromosome KI270420.1 detected
2025-07-08 08:04:15,797 - INFO - Processing chromosome KI270304.1
2025-07-08 08:04:15,797 - INFO - Processed assignments from chromosome KI270518.1 detected
2025-07-08 08:04:15,798 - INFO - Processing chromosome KI270418.1
2025-07-08 08:04:15,798 - INFO - Processed assignments from chromosome KI270302.1 detected
2025-07-08 08:04:15,799 - INFO - Processing chromosome KI270424.1
2025-07-08 08:04:15,799 - INFO - Processing chromosome KI270417.1
2025-07-08 08:04:15,800 - INFO - Processed assignments from chromosome KI270304.1 detected
2025-07-08 08:04:15,800 - INFO - Processing chromosome KI270303.1
2025-07-08 08:04:15,800 - INFO - Processing chromosome KI270508.1
2025-07-08 08:04:15,800 - INFO - Processed assignments from chromosome KI270530.1 detected
2025-07-08 08:04:15,800 - INFO - Processed assignments from chromosome KI270418.1 detected
2025-07-08 08:04:15,801 - INFO - Processing chromosome KI270381.1
2025-07-08 08:04:15,802 - INFO - Processing chromosome KI270529.1
2025-07-08 08:04:15,802 - INFO - Processed assignments from chromosome KI270417.1 detected
2025-07-08 08:04:15,802 - INFO - Processed assignments from chromosome KI270424.1 detected
2025-07-08 08:04:15,803 - INFO - Processed assignments from chromosome KI270303.1 detected
2025-07-08 08:04:15,804 - INFO - Processing chromosome KI270425.1
2025-07-08 08:04:15,804 - INFO - Processing chromosome KI270396.1
2025-07-08 08:04:15,804 - INFO - Processed assignments from chromosome KI270508.1 detected
2025-07-08 08:04:15,804 - INFO - Processing chromosome KI270363.1
2025-07-08 08:04:15,805 - INFO - Processed assignments from chromosome KI270529.1 detected
2025-07-08 08:04:15,805 - INFO - Processing chromosome KI270386.1
2025-07-08 08:04:15,805 - INFO - Processed assignments from chromosome KI270381.1 detected
2025-07-08 08:04:15,806 - INFO - Processing chromosome KI270465.1
2025-07-08 08:04:15,807 - INFO - Processed assignments from chromosome KI270425.1 detected
2025-07-08 08:04:15,807 - INFO - Processing chromosome KI270383.1
2025-07-08 08:04:15,808 - INFO - Processed assignments from chromosome KI270363.1 detected
2025-07-08 08:04:15,808 - INFO - Processed assignments from chromosome KI270396.1 detected
2025-07-08 08:04:15,808 - INFO - Processing chromosome KI270384.1
2025-07-08 08:04:15,809 - INFO - Processed assignments from chromosome KI270386.1 detected
2025-07-08 08:04:15,809 - INFO - Processing chromosome KI270330.1
2025-07-08 08:04:15,809 - INFO - Processed assignments from chromosome KI270465.1 detected
2025-07-08 08:04:15,810 - INFO - Processing chromosome KI270372.1
2025-07-08 08:04:15,811 - INFO - Processed assignments from chromosome KI270383.1 detected
2025-07-08 08:04:15,812 - INFO - Processing chromosome KI270548.1
2025-07-08 08:04:15,812 - INFO - Processing chromosome KI270387.1
2025-07-08 08:04:15,812 - INFO - Processing chromosome KI270580.1
2025-07-08 08:04:15,812 - INFO - Processed assignments from chromosome KI270384.1 detected
2025-07-08 08:04:15,813 - INFO - Processing chromosome KI270391.1
2025-07-08 08:04:15,813 - INFO - Processing chromosome KI270305.1
2025-07-08 08:04:15,813 - INFO - Processed assignments from chromosome KI270330.1 detected
2025-07-08 08:04:15,813 - INFO - Processed assignments from chromosome KI270372.1 detected
2025-07-08 08:04:15,814 - INFO - Processing chromosome KI270373.1
2025-07-08 08:04:15,815 - INFO - Processed assignments from chromosome KI270391.1 detected
2025-07-08 08:04:15,815 - INFO - Processing chromosome KI270316.1
2025-07-08 08:04:15,815 - INFO - Processing chromosome KI270422.1
2025-07-08 08:04:15,815 - INFO - Processed assignments from chromosome KI270548.1 detected
2025-07-08 08:04:15,816 - INFO - Processed assignments from chromosome KI270580.1 detected
2025-07-08 08:04:15,816 - INFO - Processed assignments from chromosome KI270305.1 detected
2025-07-08 08:04:15,816 - INFO - Processed assignments from chromosome KI270387.1 detected
2025-07-08 08:04:15,818 - INFO - Processed assignments from chromosome KI270373.1 detected
2025-07-08 08:04:15,819 - INFO - Processing chromosome KI270340.1
2025-07-08 08:04:15,819 - INFO - Processing chromosome KI270338.1
2025-07-08 08:04:15,820 - INFO - Processed assignments from chromosome KI270316.1 detected
2025-07-08 08:04:15,820 - INFO - Processing chromosome KI270583.1
2025-07-08 08:04:15,820 - INFO - Processing chromosome KI270334.1
2025-07-08 08:04:15,820 - INFO - Processing chromosome KI270429.1
2025-07-08 08:04:15,820 - INFO - Processed assignments from chromosome KI270422.1 detected
2025-07-08 08:04:15,821 - INFO - Processed assignments from chromosome KI270340.1 detected
2025-07-08 08:04:15,822 - INFO - Processed assignments from chromosome KI270338.1 detected
2025-07-08 08:04:15,822 - INFO - Processing chromosome KI270393.1
2025-07-08 08:04:15,823 - INFO - Processed assignments from chromosome KI270583.1 detected
2025-07-08 08:04:15,823 - INFO - Processing chromosome KI270516.1
2025-07-08 08:04:15,823 - INFO - Processed assignments from chromosome KI270429.1 detected
2025-07-08 08:04:15,824 - INFO - Processed assignments from chromosome KI270334.1 detected
2025-07-08 08:04:15,824 - INFO - Processing chromosome KI270389.1
2025-07-08 08:04:15,825 - INFO - Processing chromosome KI270466.1
2025-07-08 08:04:15,826 - INFO - Processing chromosome KI270388.1
2025-07-08 08:04:15,826 - INFO - Processed assignments from chromosome KI270516.1 detected
2025-07-08 08:04:15,826 - INFO - Processing chromosome KI270544.1
2025-07-08 08:04:15,826 - INFO - Processing chromosome KI270310.1
2025-07-08 08:04:15,827 - INFO - Processed assignments from chromosome KI270393.1 detected
2025-07-08 08:04:15,827 - INFO - Processed assignments from chromosome KI270389.1 detected
2025-07-08 08:04:15,827 - INFO - Processing chromosome KI270412.1
2025-07-08 08:04:15,828 - INFO - Processed assignments from chromosome KI270388.1 detected
2025-07-08 08:04:15,828 - INFO - Processing chromosome KI270395.1
2025-07-08 08:04:15,829 - INFO - Processed assignments from chromosome KI270310.1 detected
2025-07-08 08:04:15,829 - INFO - Processing chromosome KI270376.1
2025-07-08 08:04:15,830 - INFO - Processing chromosome KI270337.1
2025-07-08 08:04:15,830 - INFO - Processing chromosome KI270335.1
2025-07-08 08:04:15,830 - INFO - Processed assignments from chromosome KI270412.1 detected
2025-07-08 08:04:15,831 - INFO - Processed assignments from chromosome KI270544.1 detected
2025-07-08 08:04:15,831 - INFO - Processing chromosome KI270378.1
2025-07-08 08:04:15,828 - INFO - Processed assignments from chromosome KI270466.1 detected
2025-07-08 08:04:15,832 - INFO - Processed assignments from chromosome KI270395.1 detected
2025-07-08 08:04:15,833 - INFO - Processed assignments from chromosome KI270376.1 detected
2025-07-08 08:04:15,833 - INFO - Processing chromosome KI270379.1
2025-07-08 08:04:15,833 - INFO - Processing chromosome KI270329.1
2025-07-08 08:04:15,833 - INFO - Processed assignments from chromosome KI270335.1 detected
2025-07-08 08:04:15,834 - INFO - Processed assignments from chromosome KI270337.1 detected
2025-07-08 08:04:15,834 - INFO - Processed assignments from chromosome KI270378.1 detected
2025-07-08 08:04:15,834 - INFO - Processing chromosome KI270419.1
2025-07-08 08:04:15,835 - INFO - Processing chromosome KI270336.1
2025-07-08 08:04:15,835 - INFO - Processing chromosome KI270312.1
2025-07-08 08:04:15,836 - INFO - Processing chromosome KI270539.1
2025-07-08 08:04:15,836 - INFO - Processed assignments from chromosome KI270379.1 detected
2025-07-08 08:04:15,836 - INFO - Processed assignments from chromosome KI270329.1 detected
2025-07-08 08:04:15,836 - INFO - Processing chromosome KI270385.1
2025-07-08 08:04:15,837 - INFO - Processing chromosome KI270423.1
2025-07-08 08:04:15,838 - INFO - Processed assignments from chromosome KI270419.1 detected
2025-07-08 08:04:15,838 - INFO - Processed assignments from chromosome KI270336.1 detected
2025-07-08 08:04:15,838 - INFO - Processed assignments from chromosome KI270312.1 detected
2025-07-08 08:04:15,839 - INFO - Processing chromosome KI270392.1
2025-07-08 08:04:15,839 - INFO - Processed assignments from chromosome KI270539.1 detected
2025-07-08 08:04:15,840 - INFO - Processing chromosome KI270394.1
2025-07-08 08:04:15,840 - INFO - Processed assignments from chromosome KI270423.1 detected
2025-07-08 08:04:15,842 - INFO - Processed assignments from chromosome KI270385.1 detected
2025-07-08 08:04:15,842 - INFO - Processed assignments from chromosome KI270392.1 detected
2025-07-08 08:04:15,843 - INFO - Processed assignments from chromosome KI270394.1 detected
2025-07-08 08:04:16,079 - INFO - Loading read assignments from /restricted/projectnb/ubah/rbozadjian/beffert_ho_lab_pacbio_ad_pilot/isoseq_pipeline/results/isoquant/aux/isoquant.save_MT
2025-07-08 08:04:29,129 - INFO - Loading read assignments from /restricted/projectnb/ubah/rbozadjian/beffert_ho_lab_pacbio_ad_pilot/isoseq_pipeline/results/isoquant/aux/isoquant.save_21
2025-07-08 08:04:39,671 - INFO - Loading read assignments from /restricted/projectnb/ubah/rbozadjian/beffert_ho_lab_pacbio_ad_pilot/isoseq_pipeline/results/isoquant/aux/isoquant.save_18
2025-07-08 08:04:51,130 - INFO - Loading read assignments from /restricted/projectnb/ubah/rbozadjian/beffert_ho_lab_pacbio_ad_pilot/isoseq_pipeline/results/isoquant/aux/isoquant.save_13
2025-07-08 08:05:18,812 - INFO - Loading read assignments from /restricted/projectnb/ubah/rbozadjian/beffert_ho_lab_pacbio_ad_pilot/isoseq_pipeline/results/isoquant/aux/isoquant.save_22
2025-07-08 08:05:22,284 - INFO - Loading read assignments from /restricted/projectnb/ubah/rbozadjian/beffert_ho_lab_pacbio_ad_pilot/isoseq_pipeline/results/isoquant/aux/isoquant.save_20
2025-07-08 08:05:26,304 - INFO - Loading read assignments from /restricted/projectnb/ubah/rbozadjian/beffert_ho_lab_pacbio_ad_pilot/isoseq_pipeline/results/isoquant/aux/isoquant.save_14
2025-07-08 08:05:26,432 - INFO - Loading read assignments from /restricted/projectnb/ubah/rbozadjian/beffert_ho_lab_pacbio_ad_pilot/isoseq_pipeline/results/isoquant/aux/isoquant.save_X
2025-07-08 08:05:28,897 - INFO - Loading read assignments from /restricted/projectnb/ubah/rbozadjian/beffert_ho_lab_pacbio_ad_pilot/isoseq_pipeline/results/isoquant/aux/isoquant.save_16
2025-07-08 08:05:29,523 - INFO - Loading read assignments from /restricted/projectnb/ubah/rbozadjian/beffert_ho_lab_pacbio_ad_pilot/isoseq_pipeline/results/isoquant/aux/isoquant.save_15
2025-07-08 08:05:30,442 - INFO - Loading read assignments from /restricted/projectnb/ubah/rbozadjian/beffert_ho_lab_pacbio_ad_pilot/isoseq_pipeline/results/isoquant/aux/isoquant.save_9
2025-07-08 08:05:30,636 - INFO - Loading read assignments from /restricted/projectnb/ubah/rbozadjian/beffert_ho_lab_pacbio_ad_pilot/isoseq_pipeline/results/isoquant/aux/isoquant.save_8
2025-07-08 08:05:30,986 - INFO - Loading read assignments from /restricted/projectnb/ubah/rbozadjian/beffert_ho_lab_pacbio_ad_pilot/isoseq_pipeline/results/isoquant/aux/isoquant.save_19
2025-07-08 08:05:31,005 - INFO - Loading read assignments from /restricted/projectnb/ubah/rbozadjian/beffert_ho_lab_pacbio_ad_pilot/isoseq_pipeline/results/isoquant/aux/isoquant.save_10
2025-07-08 08:05:32,538 - INFO - Loading read assignments from /restricted/projectnb/ubah/rbozadjian/beffert_ho_lab_pacbio_ad_pilot/isoseq_pipeline/results/isoquant/aux/isoquant.save_4
2025-07-08 08:05:32,716 - INFO - Loading read assignments from /restricted/projectnb/ubah/rbozadjian/beffert_ho_lab_pacbio_ad_pilot/isoseq_pipeline/results/isoquant/aux/isoquant.save_17
2025-07-08 08:05:33,196 - INFO - Loading read assignments from /restricted/projectnb/ubah/rbozadjian/beffert_ho_lab_pacbio_ad_pilot/isoseq_pipeline/results/isoquant/aux/isoquant.save_5
2025-07-08 08:05:33,719 - INFO - Loading read assignments from /restricted/projectnb/ubah/rbozadjian/beffert_ho_lab_pacbio_ad_pilot/isoseq_pipeline/results/isoquant/aux/isoquant.save_11
2025-07-08 08:05:33,795 - INFO - Loading read assignments from /restricted/projectnb/ubah/rbozadjian/beffert_ho_lab_pacbio_ad_pilot/isoseq_pipeline/results/isoquant/aux/isoquant.save_12
2025-07-08 08:05:34,030 - INFO - Loading read assignments from /restricted/projectnb/ubah/rbozadjian/beffert_ho_lab_pacbio_ad_pilot/isoseq_pipeline/results/isoquant/aux/isoquant.save_6
2025-07-08 08:05:34,144 - INFO - Loading read assignments from /restricted/projectnb/ubah/rbozadjian/beffert_ho_lab_pacbio_ad_pilot/isoseq_pipeline/results/isoquant/aux/isoquant.save_7
2025-07-08 08:05:37,081 - INFO - Loading read assignments from /restricted/projectnb/ubah/rbozadjian/beffert_ho_lab_pacbio_ad_pilot/isoseq_pipeline/results/isoquant/aux/isoquant.save_3
2025-07-08 08:05:39,042 - INFO - Loading read assignments from /restricted/projectnb/ubah/rbozadjian/beffert_ho_lab_pacbio_ad_pilot/isoseq_pipeline/results/isoquant/aux/isoquant.save_2
2025-07-08 08:05:40,246 - INFO - Loading read assignments from /restricted/projectnb/ubah/rbozadjian/beffert_ho_lab_pacbio_ad_pilot/isoseq_pipeline/results/isoquant/aux/isoquant.save_1
2025-07-08 08:16:59,771 - INFO - Finished processing chromosome 21
2025-07-08 08:21:34,588 - INFO - Finished processing chromosome 22
2025-07-08 08:23:14,565 - INFO - Finished processing chromosome 13
2025-07-08 08:31:01,268 - INFO - Finished processing chromosome 20
2025-07-08 08:35:34,933 - INFO - Finished processing chromosome 16
2025-07-08 08:40:25,926 - INFO - Finished processing chromosome 9
2025-07-08 08:41:04,818 - INFO - Finished processing chromosome 14
2025-07-08 08:41:27,819 - INFO - Finished processing chromosome 15
2025-07-08 08:41:36,556 - INFO - Finished processing chromosome 10
2025-07-08 08:47:50,045 - INFO - Finished processing chromosome 19
2025-07-08 08:49:13,592 - INFO - Finished processing chromosome 4
2025-07-08 08:50:15,618 - INFO - Finished processing chromosome 6
2025-07-08 08:50:38,593 - INFO - Finished processing chromosome X
2025-07-08 08:52:58,778 - INFO - Finished processing chromosome 12
2025-07-08 08:53:03,412 - INFO - Finished processing chromosome 5
2025-07-08 08:54:05,117 - INFO - Finished processing chromosome 7
2025-07-08 09:02:18,946 - INFO - Finished processing chromosome 3
2025-07-08 09:06:08,536 - INFO - Finished processing chromosome 17
2025-07-08 09:10:39,174 - INFO - Finished processing chromosome 8
2025-07-08 09:16:07,901 - INFO - Finished processing chromosome 11
2025-07-08 09:20:08,042 - INFO - Finished processing chromosome 18
2025-07-08 09:20:46,664 - INFO - Finished processing chromosome 2
2025-07-08 09:33:47,350 - INFO - Finished processing chromosome 1
2025-07-08 11:42:49,177 - INFO - Finished processing chromosome MT
2025-07-08 12:18:39,775 - INFO - Read assignments are stored in /restricted/projectnb/ubah/rbozadjian/beffert_ho_lab_pacbio_ad_pilot/isoseq_pipeline/results/isoquant/isoquant.read_assignments.tsv.gz
2025-07-08 12:18:39,776 - INFO - Read assignment statistics
2025-07-08 12:18:39,776 - INFO - ambiguous: 19219264
2025-07-08 12:18:39,776 - INFO - inconsistent: 7538668
2025-07-08 12:18:39,776 - INFO - inconsistent_ambiguous: 11265484
2025-07-08 12:18:39,776 - INFO - inconsistent_non_intronic: 30276225
2025-07-08 12:18:39,776 - INFO - intergenic: 198859
2025-07-08 12:18:39,776 - INFO - noninformative: 25853492
2025-07-08 12:18:39,776 - INFO - unique: 46693107
2025-07-08 12:18:39,776 - INFO - unique_minor_difference: 3949603
2025-07-08 12:18:39,777 - INFO - Gene counts are stored in /restricted/projectnb/ubah/rbozadjian/beffert_ho_lab_pacbio_ad_pilot/isoseq_pipeline/results/isoquant/isoquant.gene_counts.tsv
2025-07-08 12:18:39,777 - INFO - Transcript counts are stored in /restricted/projectnb/ubah/rbozadjian/beffert_ho_lab_pacbio_ad_pilot/isoseq_pipeline/results/isoquant/isoquant.transcript_counts.tsv
2025-07-08 12:18:39,777 - INFO - Grouped gene counts are saves to: /restricted/projectnb/ubah/rbozadjian/beffert_ho_lab_pacbio_ad_pilot/isoseq_pipeline/results/isoquant/isoquant.gene_grouped_counts.linear.tsv
2025-07-08 12:18:39,777 - INFO - Grouped transcript counts are saves to: /restricted/projectnb/ubah/rbozadjian/beffert_ho_lab_pacbio_ad_pilot/isoseq_pipeline/results/isoquant/isoquant.transcript_grouped_counts.linear.tsv
2025-07-08 12:18:39,777 - INFO - Counts can be converted to other formats using src/convert_grouped_counts.py
2025-07-08 12:18:40,353 - INFO - Converting /restricted/projectnb/ubah/rbozadjian/beffert_ho_lab_pacbio_ad_pilot/isoseq_pipeline/results/isoquant/isoquant.gene_grouped_counts.linear.tsv to full matrix
2025-07-08 12:18:42,618 - INFO - Matrix was saved to /restricted/projectnb/ubah/rbozadjian/beffert_ho_lab_pacbio_ad_pilot/isoseq_pipeline/results/isoquant/isoquant.gene_grouped_counts.tsv
2025-07-08 12:18:42,620 - INFO - Converting /restricted/projectnb/ubah/rbozadjian/beffert_ho_lab_pacbio_ad_pilot/isoseq_pipeline/results/isoquant/isoquant.gene_grouped_counts.linear.tsv to full matrix
2025-07-08 12:18:50,617 - INFO - Matrix was saved to /restricted/projectnb/ubah/rbozadjian/beffert_ho_lab_pacbio_ad_pilot/isoseq_pipeline/results/isoquant/isoquant.gene_grouped_tpm.tsv
2025-07-08 12:18:50,620 - INFO - Converting /restricted/projectnb/ubah/rbozadjian/beffert_ho_lab_pacbio_ad_pilot/isoseq_pipeline/results/isoquant/isoquant.transcript_grouped_counts.linear.tsv to full matrix
2025-07-08 12:18:54,839 - INFO - Matrix was saved to /restricted/projectnb/ubah/rbozadjian/beffert_ho_lab_pacbio_ad_pilot/isoseq_pipeline/results/isoquant/isoquant.transcript_grouped_counts.tsv
2025-07-08 12:18:54,843 - INFO - Converting /restricted/projectnb/ubah/rbozadjian/beffert_ho_lab_pacbio_ad_pilot/isoseq_pipeline/results/isoquant/isoquant.transcript_grouped_counts.linear.tsv to full matrix
2025-07-08 12:19:11,840 - INFO - Matrix was saved to /restricted/projectnb/ubah/rbozadjian/beffert_ho_lab_pacbio_ad_pilot/isoseq_pipeline/results/isoquant/isoquant.transcript_grouped_tpm.tsv
2025-07-08 12:19:11,844 - INFO - Transcript model statistics
2025-07-08 12:19:11,844 - INFO - known: 37672
2025-07-08 12:19:11,844 - INFO - novel_in_catalog: 18588
2025-07-08 12:19:11,844 - INFO - novel_not_in_catalog: 208022
2025-07-08 12:31:32,274 - INFO - Transcript model file /restricted/projectnb/ubah/rbozadjian/beffert_ho_lab_pacbio_ad_pilot/isoseq_pipeline/results/isoquant/isoquant.transcript_models.gtf
2025-07-08 12:31:34,675 - INFO - Extended annotation is saved to /restricted/projectnb/ubah/rbozadjian/beffert_ho_lab_pacbio_ad_pilot/isoseq_pipeline/results/isoquant/isoquant.extended_annotation.gtf
2025-07-08 12:31:34,675 - INFO - Counts for generated transcript models are saves to: /restricted/projectnb/ubah/rbozadjian/beffert_ho_lab_pacbio_ad_pilot/isoseq_pipeline/results/isoquant/isoquant.discovered_transcript_counts.tsv
2025-07-08 12:31:34,675 - INFO - Grouped counts for generated transcript models are saves to: /restricted/projectnb/ubah/rbozadjian/beffert_ho_lab_pacbio_ad_pilot/isoseq_pipeline/results/isoquant/isoquant.discovered_transcript_grouped_counts.linear.tsv
2025-07-08 12:31:35,006 - INFO - Converting /restricted/projectnb/ubah/rbozadjian/beffert_ho_lab_pacbio_ad_pilot/isoseq_pipeline/results/isoquant/isoquant.discovered_transcript_grouped_counts.linear.tsv to full matrix
2025-07-08 12:31:46,747 - INFO - Matrix was saved to /restricted/projectnb/ubah/rbozadjian/beffert_ho_lab_pacbio_ad_pilot/isoseq_pipeline/results/isoquant/isoquant.discovered_transcript_grouped_counts.tsv
2025-07-08 12:31:46,764 - INFO - Converting /restricted/projectnb/ubah/rbozadjian/beffert_ho_lab_pacbio_ad_pilot/isoseq_pipeline/results/isoquant/isoquant.discovered_transcript_grouped_counts.linear.tsv to full matrix
2025-07-08 12:32:40,190 - INFO - Matrix was saved to /restricted/projectnb/ubah/rbozadjian/beffert_ho_lab_pacbio_ad_pilot/isoseq_pipeline/results/isoquant/isoquant.discovered_transcript_grouped_tpm.tsv
2025-07-08 12:32:40,478 - INFO - Converting /restricted/projectnb/ubah/rbozadjian/beffert_ho_lab_pacbio_ad_pilot/isoseq_pipeline/results/isoquant/isoquant.discovered_gene_grouped_counts.linear.tsv to full matrix
2025-07-08 12:32:50,279 - INFO - Matrix was saved to /restricted/projectnb/ubah/rbozadjian/beffert_ho_lab_pacbio_ad_pilot/isoseq_pipeline/results/isoquant/isoquant.discovered_gene_grouped_counts.tsv
2025-07-08 12:32:50,291 - INFO - Converting /restricted/projectnb/ubah/rbozadjian/beffert_ho_lab_pacbio_ad_pilot/isoseq_pipeline/results/isoquant/isoquant.discovered_gene_grouped_counts.linear.tsv to full matrix
2025-07-08 12:33:35,477 - INFO - Matrix was saved to /restricted/projectnb/ubah/rbozadjian/beffert_ho_lab_pacbio_ad_pilot/isoseq_pipeline/results/isoquant/isoquant.discovered_gene_grouped_tpm.tsv
2025-07-08 12:33:43,049 - INFO - Processed experiment isoquant
2025-07-08 12:33:43,049 - INFO - Processed 1 experiment
2025-07-08 12:33:43,050 - INFO -  === IsoQuant pipeline finished === 
